<?xml version='1.0' encoding='UTF-8'?>
<testsuite hostname="BastianPreiselPC" name="simpletest.HelloTests" tests="2" errors="0" failures="0" skipped="0" time="0.688" timestamp="2021-12-10T15:47:41">
          <properties>
[...]
</properties>
          <testcase classname="simpletest.HelloTests" name="Client is assigned correct ID" time="0.656">
                      
                    </testcase><testcase classname="simpletest.HelloTests" name="Client receives correct partition" time="0.032">
                      
                    </testcase>
          <system-out><![CDATA[]]></system-out>
          <system-err><![CDATA[]]></system-err>
        </testsuite>